<?xml version="1.0" encoding="UTF-8"?>
<testsuite xmlns:xsi="http://www.w3.org/2001/XMLSchema-instance" xsi:noNamespaceSchemaLocation="https://maven.apache.org/surefire/maven-surefire-plugin/xsd/surefire-test-report-3.0.xsd" version="3.0" name="com.aactin.testrunner.Testrunner" time="130.208" tests="7" errors="0" skipped="0" failures="0">
  <properties>
[...]
</properties>
  <testcase name="verify user enable to login functionality properly" classname="Booking a hotelroom using automation testscript" time="12.226">
    <system-out><![CDATA[
@Bookinghotel @Sc11
Scenario Outline: verify user enable to login functionality properly &amp#27;[90m# src/test/java/com/opencart/feature/Adactin.feature:15&amp#27;[0m
  &amp#27;[32mGiven &amp#27;[0m&amp#27;[32mUser login the application&amp#27;[0m                                   &amp#27;[90m# com.adactin.stepdefinition.Adactin.user_login__application()&amp#27;[0m
  &amp#27;[32mThen &amp#27;[0m&amp#27;[32mverify user should  enter &amp#27;[0m&amp#27;[32m&amp#27;[1m"JULYJOSEPH"&amp#27;[0m&amp#27;[32m in specific textbox&amp#27;[0m    &amp#27;[90m# com.adactin.stepdefinition.Adactin.verify_user_should_enter_in_specific_textbox(java.lang.String)&amp#27;[0m
  &amp#27;[32mAnd &amp#27;[0m&amp#27;[32mVerify user shoud enter &amp#27;[0m&amp#27;[32m&amp#27;[1m"L43454"&amp#27;[0m&amp#27;[32m in textbox&amp#27;[0m                    &amp#27;[90m# com.adactin.stepdefinition.Adactin.verify_user_shoud_enter_in_textbox(java.lang.String)&amp#27;[0m
  &amp#27;[32mAnd &amp#27;[0m&amp#27;[32mclick on the login biutton&amp#27;[0m                                     &amp#27;[90m# com.adactin.stepdefinition.Adactin.click_on_the_login_biutton()&amp#27;[0m
  &amp#27;[32mWhen &amp#27;[0m&amp#27;[32mclick into new page&amp#27;[0m                                           &amp#27;[90m# com.adactin.stepdefinition.Adactin.click_into_new_page()&amp#27;[0m
]]></system-out>
    <system-err><![CDATA[Starting ChromeDriver 83.0.4103.39 (ccbf011cb2d2b19b506d844400483861342c20cd-refs/branch-heads/4103@{#416}) on port 41523
Only local connections are allowed.
Please see https://chromedriver.chromium.org/security-considerations for suggestions on keeping ChromeDriver safe.
ChromeDriver was started successfully.
Jul 16, 2020 5:44:21 PM org.openqa.selenium.remote.ProtocolHandshake createSession
INFO: Detected dialect: W3C
]]></system-err>
  </testcase>
  <testcase name="To verify ensure all To verify whether locations in Select Hotel page are displayed according tothe locationselected inSearch Hotel" classname="Booking a hotelroom using automation testscript" time="3.461">
    <system-out><![CDATA[
@Bookinghotel @Sc11
Scenario: To verify ensure all To verify whether locations in Select Hotel page are displayed according tothe locationselected inSearch Hotel &amp#27;[90m# src/test/java/com/opencart/feature/Adactin.feature:30&amp#27;[0m
  &amp#27;[32mGiven &amp#27;[0m&amp#27;[32mUser login the application&amp#27;[0m                                                                                                            &amp#27;[90m# com.adactin.stepdefinition.Adactin.user_login__application()&amp#27;[0m
Sydney
location displayed
  &amp#27;[32mThen &amp#27;[0m&amp#27;[32mUser should Select location&amp#27;[0m                                                                                                            &amp#27;[90m# com.adactin.stepdefinition.Adactin.user_should_Select_location()&amp#27;[0m
  &amp#27;[32mAnd &amp#27;[0m&amp#27;[32muser should select the hotelname&amp#27;[0m                                                                                                        &amp#27;[90m# com.adactin.stepdefinition.Adactin.user_should_select_the_hotelname()&amp#27;[0m
  &amp#27;[32mAnd &amp#27;[0m&amp#27;[32mUser should enable to select type of room&amp#27;[0m                                                                                               &amp#27;[90m# com.adactin.stepdefinition.Adactin.user_should_enable_to_select_type_of_room()&amp#27;[0m
  &amp#27;[32mAnd &amp#27;[0m&amp#27;[32mUser should enable to select no of rooms&amp#27;[0m                                                                                                &amp#27;[90m# com.adactin.stepdefinition.Adactin.user_should_enable_to_select_no_of_rooms()&amp#27;[0m
  &amp#27;[32mAnd &amp#27;[0m&amp#27;[32muser should entered check in date&amp#27;[0m                                                                                                       &amp#27;[90m# com.adactin.stepdefinition.Adactin.user_should_entered_check_in_date()&amp#27;[0m
  &amp#27;[32mAnd &amp#27;[0m&amp#27;[32muser should enable to type check out date&amp#27;[0m                                                                                               &amp#27;[90m# com.adactin.stepdefinition.Adactin.user_should_enable_to_type_check_out_date()&amp#27;[0m
  &amp#27;[32mAnd &amp#27;[0m&amp#27;[32muser should enable to select no of room from  options for adult and for children also&amp#27;[0m                                                   &amp#27;[90m# com.adactin.stepdefinition.Adactin.user_should_enable_to_select_no_of_room_from_options_for_adult_and_for_children_also()&amp#27;[0m
  &amp#27;[32mAnd &amp#27;[0m&amp#27;[32muser should enable for clicking search button other wise user enable to reset their data also&amp#27;[0m                                           &amp#27;[90m# com.adactin.stepdefinition.Adactin.user_should_enable_for_clicking_search_button_other_wise_user_enable_to_reset_their_data_also()&amp#27;[0m
  &amp#27;[32mWhen &amp#27;[0m&amp#27;[32muser should entered into new page displaying all data&amp#27;[0m                                                                                  &amp#27;[90m# com.adactin.stepdefinition.Adactin.user_should_entered_into_new_page_displaying_all_data()&amp#27;[0m
]]></system-out>
  </testcase>
  <testcase name="To verify all displye data  verify location name checkin checkout no of rooms roomtype price" classname="Booking a hotelroom using automation testscript" time="0.132">
    <system-out><![CDATA[
@Bookinghotel @Sc11
Scenario: To verify all displye data  verify location name checkin checkout no of rooms roomtype price            &amp#27;[90m# src/test/java/com/opencart/feature/Adactin.feature:42&amp#27;[0m
  &amp#27;[32mGiven &amp#27;[0m&amp#27;[32mUser login the application&amp#27;[0m                                                                                &amp#27;[90m# com.adactin.stepdefinition.Adactin.user_login__application()&amp#27;[0m
Sydney
location displayed correctly
  &amp#27;[32mThen &amp#27;[0m&amp#27;[32musher should compare the location which is selected same as that of location in page of in search of hotel&amp#27;[0m &amp#27;[90m# com.adactin.stepdefinition.Adactin.usher_should_compare_the_location_which_is_selected_same_as_that_of_location_in_page_of_in_search_of_hotel()&amp#27;[0m
12/06/2020
checkindate displayed correctly
  &amp#27;[32mAnd &amp#27;[0m&amp#27;[32muser should compare checkin date&amp#27;[0m                                                                            &amp#27;[90m# com.adactin.stepdefinition.Adactin.user_should_compare_checkin_date()&amp#27;[0m
16/06/2020
checckoutdate displayed correctly
  &amp#27;[32mAnd &amp#27;[0m&amp#27;[32muser should compare checkout date&amp#27;[0m                                                                           &amp#27;[90m# com.adactin.stepdefinition.Adactin.user_should_compare_checkout_date()&amp#27;[0m
1 Rooms
no of room displayed correctly
  &amp#27;[32mAnd &amp#27;[0m&amp#27;[32muser should compare no of rooms selected as same&amp#27;[0m                                                            &amp#27;[90m# com.adactin.stepdefinition.Adactin.user_should_compare_no_of_rooms_selected_as_same()&amp#27;[0m
Double
roomtype displayed correctly
  &amp#27;[32mAnd &amp#27;[0m&amp#27;[32muser should compare roomtype as same as you selected&amp#27;[0m                                                        &amp#27;[90m# com.adactin.stepdefinition.Adactin.user_should_compare_roomtype_as_same_as_you_selected()&amp#27;[0m
  &amp#27;[32mAnd &amp#27;[0m&amp#27;[32muser should compare price which is calculated same as formula&amp#27;[0m                                               &amp#27;[90m# com.adactin.stepdefinition.Adactin.user_should_compare_price_which_is_calculated_same_as_formula()&amp#27;[0m
  &amp#27;[32mWhen &amp#27;[0m&amp#27;[32muser should entered all data  correctly&amp#27;[0m                                                                    &amp#27;[90m# com.adactin.stepdefinition.Adactin.user_should_entered_all_data_correctly()&amp#27;[0m
]]></system-out>
  </testcase>
  <testcase name="verify ordernumber generated in confirmation page" classname="Booking a hotelroom using automation testscript" time="2.584">
    <system-out><![CDATA[
@Bookinghotel @Sc11
Scenario: verify ordernumber generated in confirmation page    &amp#27;[90m# src/test/java/com/opencart/feature/Adactin.feature:68&amp#27;[0m
  &amp#27;[32mGiven &amp#27;[0m&amp#27;[32mUser login the application&amp#27;[0m                             &amp#27;[90m# com.adactin.stepdefinition.Adactin.user_login__application()&amp#27;[0m
  &amp#27;[32mThen &amp#27;[0m&amp#27;[32mUser should verify all displayed data&amp#27;[0m                   &amp#27;[90m# com.adactin.stepdefinition.Adactin.user_should_verify__displayed_data()&amp#27;[0m
  &amp#27;[32mAnd &amp#27;[0m&amp#27;[32mUser should click on select option&amp#27;[0m                       &amp#27;[90m# com.adactin.stepdefinition.Adactin.user_should_click_on_select_option()&amp#27;[0m
  &amp#27;[32mAnd &amp#27;[0m&amp#27;[32mUser should click on continue button&amp#27;[0m                     &amp#27;[90m# com.adactin.stepdefinition.Adactin.user_should_click_on_continue_button()&amp#27;[0m
  &amp#27;[32mAnd &amp#27;[0m&amp#27;[32mUser should entering into confirmation page&amp#27;[0m              &amp#27;[90m# com.adactin.stepdefinition.Adactin.user_should_entering_into_confirmation_page()&amp#27;[0m
  &amp#27;[32mAnd &amp#27;[0m&amp#27;[32mUser should entering firstname in the textbox&amp#27;[0m            &amp#27;[90m# com.adactin.stepdefinition.Adactin.user_should_entering_firstname_in_the_textbox()&amp#27;[0m
  &amp#27;[32mAnd &amp#27;[0m&amp#27;[32mUser should  entering lastname in the specific textbox&amp#27;[0m   &amp#27;[90m# com.adactin.stepdefinition.Adactin.user_should_entering_lastname_in_the_specific_textbox()&amp#27;[0m
  &amp#27;[32mAnd &amp#27;[0m&amp#27;[32mUser should entering billing address entering in textbox&amp#27;[0m &amp#27;[90m# com.adactin.stepdefinition.Adactin.user_should_entering_billing_address_entering_in_textbox()&amp#27;[0m
  &amp#27;[32mAnd &amp#27;[0m&amp#27;[32mUser should entering creditcard number&amp#27;[0m                   &amp#27;[90m# com.adactin.stepdefinition.Adactin.user_should_entering_creditcard_number()&amp#27;[0m
  &amp#27;[32mAnd &amp#27;[0m&amp#27;[32mUser should entering credit card type&amp#27;[0m                    &amp#27;[90m# com.adactin.stepdefinition.Adactin.user_should_entering_credit_card_type()&amp#27;[0m
  &amp#27;[32mAnd &amp#27;[0m&amp#27;[32mUser should entering creditcard expiringdetails&amp#27;[0m          &amp#27;[90m# com.adactin.stepdefinition.Adactin.user_should_entering_creditcard_expiringdetails()&amp#27;[0m
  &amp#27;[32mAnd &amp#27;[0m&amp#27;[32mUser should entered cvv number&amp#27;[0m                           &amp#27;[90m# com.adactin.stepdefinition.Adactin.user_should_entered_cvv_number()&amp#27;[0m
  &amp#27;[32mWhen &amp#27;[0m&amp#27;[32mUser should recieve ordernumber&amp#27;[0m                         &amp#27;[90m# com.adactin.stepdefinition.Adactin.user_should_recieve_ordernumber()&amp#27;[0m
]]></system-out>
  </testcase>
  <testcase name="Verify that all the details of newly generated ordered number in booked itinerary page are correct and match with data during booking" classname="Booking a hotelroom using automation testscript" time="0.711">
    <system-out><![CDATA[
@Bookinghotel @Sc11
Scenario: Verify that all the details of newly generated ordered number in booked itinerary page are correct and match with data during booking &amp#27;[90m# src/test/java/com/opencart/feature/Adactin.feature:83&amp#27;[0m
  &amp#27;[32mGiven &amp#27;[0m&amp#27;[32mUser login the application&amp#27;[0m                                                                                                              &amp#27;[90m# com.adactin.stepdefinition.Adactin.user_login__application()&amp#27;[0m
  &amp#27;[32mThen &amp#27;[0m&amp#27;[32mUser should click on the booked itenary button&amp#27;[0m                                                                                           &amp#27;[90m# com.adactin.stepdefinition.Adactin.user_should_click_on_the_booked_itenary_button()&amp#27;[0m
  &amp#27;[32mWhen &amp#27;[0m&amp#27;[32mUser should see booked itenary page&amp#27;[0m                                                                                                      &amp#27;[90m# com.adactin.stepdefinition.Adactin.user_should_see_booked_itenary_page()&amp#27;[0m
]]></system-out>
  </testcase>
  <testcase name="Verify that all the details of newly generated ordered number in booked itinerary page are correct and match with data during bookin" classname="Booking a hotelroom using automation testscript" time="0.133">
    <system-out><![CDATA[
@Bookinghotel @Sc11
Scenario: Verify that all the details of newly generated ordered number in booked itinerary page are correct and match with data during bookin &amp#27;[90m# src/test/java/com/opencart/feature/Adactin.feature:88&amp#27;[0m
  &amp#27;[32mGiven &amp#27;[0m&amp#27;[32mUser login the application&amp#27;[0m                                                                                                             &amp#27;[90m# com.adactin.stepdefinition.Adactin.user_login__application()&amp#27;[0m
in booked itenary page
firstname displayed correctly
  &amp#27;[32mThen &amp#27;[0m&amp#27;[32mUsr should verify firstname compare with confirmation page&amp#27;[0m                                                                              &amp#27;[90m# com.adactin.stepdefinition.Adactin.usr_should_verify_firstname_compare_with_confirmation_page()&amp#27;[0m
  &amp#27;[32mAnd &amp#27;[0m&amp#27;[32mUser should verify lastname compare with confirmation page&amp#27;[0m                                                                               &amp#27;[90m# com.adactin.stepdefinition.Adactin.user_should_verify_lastname_compare_with_confirmation_page()&amp#27;[0m
in booked itenary page
room displayed correctly
  &amp#27;[32mAnd &amp#27;[0m&amp#27;[32mUser should verify roomtype compare with confirmation page&amp#27;[0m                                                                               &amp#27;[90m# com.adactin.stepdefinition.Adactin.user_should_verify_roomtype_compare_with_confirmation_page()&amp#27;[0m
in booked itenary page
roomtype displayed correctly
  &amp#27;[32mAnd &amp#27;[0m&amp#27;[32mUser should verify roomnumber compare with confirmation page&amp#27;[0m                                                                             &amp#27;[90m# com.adactin.stepdefinition.Adactin.user_should_verify_roomnumber_compare_with_confirmation_page()&amp#27;[0m
in booked itenary page
price displayed correctly
  &amp#27;[32mAnd &amp#27;[0m&amp#27;[32mUser should verify price compare with formula price= price per night*no of days*no of rooms&amp#27;[0m                                              &amp#27;[90m# com.adactin.stepdefinition.Adactin.user_should_verify_price_compare_with_formula_price_price_per_night_no_of_days_no_of_rooms()&amp#27;[0m
]]></system-out>
  </testcase>
  <testcase name="To check whether “search order id” query is working and displaying the relevant details." classname="Booking a hotelroom using automation testscript" time="0.963">
    <system-out><![CDATA[
@Bookinghotel @Sc11
Scenario: To check whether â€œsearch order idâ€� query is working and displaying the relevant details. &amp#27;[90m# src/test/java/com/opencart/feature/Adactin.feature:96&amp#27;[0m
  &amp#27;[32mGiven &amp#27;[0m&amp#27;[32mUser login the application&amp#27;[0m                                                                 &amp#27;[90m# com.adactin.stepdefinition.Adactin.user_login__application()&amp#27;[0m
  &amp#27;[32mThen &amp#27;[0m&amp#27;[32mUser should entering search order id&amp#27;[0m                                                        &amp#27;[90m# com.adactin.stepdefinition.Adactin.user_should_entering_search_order_id()&amp#27;[0m
  &amp#27;[32mAnd &amp#27;[0m&amp#27;[32mUser should  click on go button&amp#27;[0m                                                              &amp#27;[90m# com.adactin.stepdefinition.Adactin.user_should_click_on_go_button()&amp#27;[0m
  &amp#27;[32mWhen &amp#27;[0m&amp#27;[32mUser should  display relevant details&amp#27;[0m                                                       &amp#27;[90m# com.adactin.stepdefinition.Adactin.user_should_display_relevant_details()&amp#27;[0m
]]></system-out>
  </testcase>
</testsuite>